<?xml version="1.0" encoding="UTF-8"?>
<!-- Generated by org.testng.reporters.JUnitXMLReporter -->
<testsuite hostname="DESKTOP-GG4RRM6" failures="1" tests="1" name="Test" time="23.296" errors="0" timestamp="2 Jun 2021 17:48:14 GMT">
  <testcase classname="com.AppiumTest.runners.AppiumTestRunner" name="runCukes" time="23.275">
    <failure type="cucumber.runtime.CucumberException" message="java.lang.NullPointerException: Cannot invoke &amp;quot;io.appium.java_client.android.AndroidDriver.findElement(org.openqa.selenium.By)&amp;quot; because &amp;quot;this.driver&amp;quot; is null">
      <![CDATA[cucumber.runtime.CucumberException: java.lang.NullPointerException: Cannot invoke "io.appium.java_client.android.AndroidDriver.findElement(org.openqa.selenium.By)" because "this.driver" is null
	at cucumber.api.testng.TestNGCucumberRunner.runCukes(TestNGCucumberRunner.java:57)
	at com.AppiumTest.runners.AppiumTestRunner.runCukes(AppiumTestRunner.java:16)
Caused by: java.lang.NullPointerException: Cannot invoke "io.appium.java_client.android.AndroidDriver.findElement(org.openqa.selenium.By)" because "this.driver" is null
	at com.AppiumTest.steps.AppiumSteps.title_must_be_available(AppiumSteps.java:77)
	at ✽.Then Title must be available "selendroid-test-app"(src/test/resources/features/AppiumTest.feature:6)
... Removed 24 stack frames]]>
    </failure>
  </testcase> <!-- runCukes -->
</testsuite> <!-- Test -->
